http://chart.apis.google.com/chart?cht=lxy&chtt=Mean&chs=750x400&chxt=x,x,y&chd=t:0.0,100.0|100.0,76.8&chco=ff0000&chm=d,ff0000,0,-1,5.0&chdl=HttpClient3Test.testGetMethod&chxr=2,0,225.5&chxl=0:|20:15:30|20:16:00|1:|Time&chxp=0,0.0,100.0|1,50&chg=50.0,10
http://chart.apis.google.com/chart?cht=lxy&chtt=TPS&chs=750x400&chxt=x,x,y&chd=t:0.0,100.0|25.0,100.0&chco=ff0000&chm=d,ff0000,0,-1,5.0&chdl=HttpClient3Test.testGetMethod&chxr=2,0,0.3&chxl=0:|20:15:30|20:16:00|1:|Time&chxp=0,0.0,100.0|1,50&chg=50.0,10
http://chart.apis.google.com/chart?cht=lxy&chtt=Min&chs=750x400&chxt=x,x,y&chd=t:0.0,100.0|100.0,66.3&chco=ff0000&chm=d,ff0000,0,-1,5.0&chdl=HttpClient3Test.testGetMethod&chxr=2,0,187.0&chxl=0:|20:15:30|20:16:00|1:|Time&chxp=0,0.0,100.0|1,50&chg=50.0,10
http://chart.apis.google.com/chart?cht=lxy&chtt=Max&chs=750x400&chxt=x,x,y&chd=t:0.0,100.0|100.0,84.1&chco=ff0000&chm=d,ff0000,0,-1,5.0&chdl=HttpClient3Test.testGetMethod&chxr=2,0,264.0&chxl=0:|20:15:30|20:16:00|1:|Time&chxp=0,0.0,100.0|1,50&chg=50.0,10
http://chart.apis.google.com/chart?cht=lxy&chtt=Count&chs=750x400&chxt=x,x,y&chd=t:0.0,100.0|25.0,100.0&chco=ff0000&chm=d,ff0000,0,-1,5.0&chdl=HttpClient3Test.testGetMethod&chxr=2,0,8.0&chxl=0:|20:15:30|20:16:00|1:|Time&chxp=0,0.0,100.0|1,50&chg=50.0,10
http://chart.apis.google.com/chart?cht=lxy&chtt=Mean&chs=750x400&chxt=x,x,y&chd=t:0.0,100.0|100.0,84.5&chco=ff0000&chm=d,ff0000,0,-1,5.0&chdl=HttpClient3Test.testGetMethod&chxr=2,0,160.4&chxl=0:|20:30:00|20:30:30|1:|Time&chxp=0,0.0,100.0|1,50&chg=50.0,10
http://chart.apis.google.com/chart?cht=lxy&chtt=TPS&chs=750x400&chxt=x,x,y&chd=t:0.0,100.0|100.0,25.0&chco=ff0000&chm=d,ff0000,0,-1,5.0&chdl=HttpClient3Test.testGetMethod&chxr=2,0,0.3&chxl=0:|20:30:00|20:30:30|1:|Time&chxp=0,0.0,100.0|1,50&chg=50.0,10
http://chart.apis.google.com/chart?cht=lxy&chtt=Min&chs=750x400&chxt=x,x,y&chd=t:0.0,100.0|100.0,99.2&chco=ff0000&chm=d,ff0000,0,-1,5.0&chdl=HttpClient3Test.testGetMethod&chxr=2,0,127.0&chxl=0:|20:30:00|20:30:30|1:|Time&chxp=0,0.0,100.0|1,50&chg=50.0,10
http://chart.apis.google.com/chart?cht=lxy&chtt=Max&chs=750x400&chxt=x,x,y&chd=t:0.0,100.0|100.0,58.2&chco=ff0000&chm=d,ff0000,0,-1,5.0&chdl=HttpClient3Test.testGetMethod&chxr=2,0,249.0&chxl=0:|20:30:00|20:30:30|1:|Time&chxp=0,0.0,100.0|1,50&chg=50.0,10
http://chart.apis.google.com/chart?cht=lxy&chtt=Count&chs=750x400&chxt=x,x,y&chd=t:0.0,100.0|100.0,25.0&chco=ff0000&chm=d,ff0000,0,-1,5.0&chdl=HttpClient3Test.testGetMethod&chxr=2,0,8.0&chxl=0:|20:30:00|20:30:30|1:|Time&chxp=0,0.0,100.0|1,50&chg=50.0,10
http://chart.apis.google.com/chart?cht=lxy&chtt=Mean&chs=750x400&chxt=x,x,y&chd=t:0.0,100.0|100.0,89.8&chco=ff0000&chm=d,ff0000,0,-1,5.0&chdl=HttpClient3Test.testGetMethod&chxr=2,0,150.5&chxl=0:|20:31:30|20:32:00|1:|Time&chxp=0,0.0,100.0|1,50&chg=50.0,10
http://chart.apis.google.com/chart?cht=lxy&chtt=TPS&chs=750x400&chxt=x,x,y&chd=t:0.0,100.0|66.7,100.0&chco=ff0000&chm=d,ff0000,0,-1,5.0&chdl=HttpClient3Test.testGetMethod&chxr=2,0,0.2&chxl=0:|20:31:30|20:32:00|1:|Time&chxp=0,0.0,100.0|1,50&chg=50.0,10
http://chart.apis.google.com/chart?cht=lxy&chtt=Min&chs=750x400&chxt=x,x,y&chd=t:0.0,100.0|100.0,83.2&chco=ff0000&chm=d,ff0000,0,-1,5.0&chdl=HttpClient3Test.testGetMethod&chxr=2,0,119.0&chxl=0:|20:31:30|20:32:00|1:|Time&chxp=0,0.0,100.0|1,50&chg=50.0,10
http://chart.apis.google.com/chart?cht=lxy&chtt=Max&chs=750x400&chxt=x,x,y&chd=t:0.0,100.0|100.0,85.9&chco=ff0000&chm=d,ff0000,0,-1,5.0&chdl=HttpClient3Test.testGetMethod&chxr=2,0,199.0&chxl=0:|20:31:30|20:32:00|1:|Time&chxp=0,0.0,100.0|1,50&chg=50.0,10
http://chart.apis.google.com/chart?cht=lxy&chtt=Count&chs=750x400&chxt=x,x,y&chd=t:0.0,100.0|66.7,100.0&chco=ff0000&chm=d,ff0000,0,-1,5.0&chdl=HttpClient3Test.testGetMethod&chxr=2,0,6.0&chxl=0:|20:31:30|20:32:00|1:|Time&chxp=0,0.0,100.0|1,50&chg=50.0,10
http://chart.apis.google.com/chart?cht=lxy&chtt=Mean&chs=750x400&chxt=x,x,y&chd=t:0.0,100.0|100.0,67.6&chco=ff0000&chm=d,ff0000,0,-1,5.0&chdl=HttpClient3Test.testGetMethod&chxr=2,0,163.0&chxl=0:|20:38:00|20:38:30|1:|Time&chxp=0,0.0,100.0|1,50&chg=50.0,10
http://chart.apis.google.com/chart?cht=lxy&chtt=TPS&chs=750x400&chxt=x,x,y&chd=t:0.0,100.0|25.0,100.0&chco=ff0000&chm=d,ff0000,0,-1,5.0&chdl=HttpClient3Test.testGetMethod&chxr=2,0,0.3&chxl=0:|20:38:00|20:38:30|1:|Time&chxp=0,0.0,100.0|1,50&chg=50.0,10
http://chart.apis.google.com/chart?cht=lxy&chtt=Min&chs=750x400&chxt=x,x,y&chd=t:0.0,100.0|88.2,100.0&chco=ff0000&chm=d,ff0000,0,-1,5.0&chdl=HttpClient3Test.testGetMethod&chxr=2,0,102.0&chxl=0:|20:38:00|20:38:30|1:|Time&chxp=0,0.0,100.0|1,50&chg=50.0,10
http://chart.apis.google.com/chart?cht=lxy&chtt=Max&chs=750x400&chxt=x,x,y&chd=t:0.0,100.0|100.0,59.3&chco=ff0000&chm=d,ff0000,0,-1,5.0&chdl=HttpClient3Test.testGetMethod&chxr=2,0,236.0&chxl=0:|20:38:00|20:38:30|1:|Time&chxp=0,0.0,100.0|1,50&chg=50.0,10
http://chart.apis.google.com/chart?cht=lxy&chtt=Count&chs=750x400&chxt=x,x,y&chd=t:0.0,100.0|25.0,100.0&chco=ff0000&chm=d,ff0000,0,-1,5.0&chdl=HttpClient3Test.testGetMethod&chxr=2,0,8.0&chxl=0:|20:38:00|20:38:30|1:|Time&chxp=0,0.0,100.0|1,50&chg=50.0,10
